<?xml version="1.0" encoding="UTF-8"?>
<!-- Generated by org.testng.reporters.JUnitReportReporter -->
<testsuite hostname="LAPTOP-18PJ3I0G" failures="0" tests="1" name="tests.ExampleCalculatorRealDevice" time="0.010" errors="0" timestamp="2021-12-07T00:44:12 IST" skipped="0">
  <testcase classname="tests.ExampleCalculatorRealDevice" name="runTest" time="0.010"/>
  <system-out/>
</testsuite> <!-- tests.ExampleCalculatorRealDevice -->
